z:\ideaprojects\inversus\inversus\x64\debug\vc143.pdb
z:\ideaprojects\inversus\inversus\x64\debug\vc143.idb
z:\ideaprojects\inversus\inversus\x64\debug\sound.obj
z:\ideaprojects\inversus\inversus\x64\debug\setting.obj
z:\ideaprojects\inversus\inversus\x64\debug\playersetting.obj
z:\ideaprojects\inversus\inversus\x64\debug\levelsetting.obj
z:\ideaprojects\inversus\inversus\x64\debug\gameui.obj
z:\ideaprojects\inversus\inversus\x64\debug\gamestatemanager.obj
z:\ideaprojects\inversus\inversus\x64\debug\block.obj
z:\ideaprojects\inversus\inversus\x64\debug\global.h.ifc
z:\ideaprojects\inversus\inversus\x64\debug\global.h.ifc.d.json
z:\ideaprojects\inversus\inversus\x64\debug\global.h.obj
z:\ideaprojects\inversus\inversus\x64\debug\gamestate.h.ifc
z:\ideaprojects\inversus\inversus\x64\debug\gamestate.h.ifc.d.json
z:\ideaprojects\inversus\inversus\x64\debug\gamestate.h.obj
z:\ideaprojects\inversus\inversus\x64\debug\gameui.h.ifc
z:\ideaprojects\inversus\inversus\x64\debug\gameui.h.ifc.d.json
z:\ideaprojects\inversus\inversus\x64\debug\gameui.h.obj
z:\ideaprojects\inversus\inversus\x64\debug\block.h.ifc
z:\ideaprojects\inversus\inversus\x64\debug\block.h.ifc.d.json
z:\ideaprojects\inversus\inversus\x64\debug\block.h.obj
z:\ideaprojects\inversus\inversus\x64\debug\gamestate.h.module.json
z:\ideaprojects\inversus\inversus\x64\debug\global.h.module.json
z:\ideaprojects\inversus\inversus\x64\debug\gameui.h.module.json
z:\ideaprojects\inversus\inversus\x64\debug\block.h.module.json
z:\ideaprojects\inversus\inversus\x64\debug\inversus_v1.tlog\cl.read.1.tlog
z:\ideaprojects\inversus\inversus\x64\debug\inversus_v1.tlog\cl.command.1.tlog
z:\ideaprojects\inversus\inversus\x64\debug\inversus_v1.tlog\cl.write.1.tlog
z:\ideaprojects\inversus\inversus\x64\debug\inversus_v1_md.tlog\microsoft.build.cpptasks.cl.write.1.tlog
z:\ideaprojects\inversus\inversus\x64\debug\inversus_v1_md.tlog\cl.command.1.tlog
z:\ideaprojects\inversus\inversus\x64\debug\inversus_v1_md.tlog\microsoft.build.cpptasks.cl.read.1.tlog
